\BOOKMARK [1][-]{section.1}{Introduction}{}% 1
\BOOKMARK [1][-]{section.2}{Related works}{}% 2
\BOOKMARK [1][-]{section.3}{Method}{}% 3
\BOOKMARK [2][-]{subsection.3.1}{Objective}{section.3}% 4
\BOOKMARK [3][-]{subsubsection.3.1.1}{Variational loss}{subsection.3.1}% 5
\BOOKMARK [3][-]{subsubsection.3.1.2}{Reconstruction loss}{subsection.3.1}% 6
\BOOKMARK [3][-]{subsubsection.3.1.3}{Full loss}{subsection.3.1}% 7
\BOOKMARK [2][-]{subsection.3.2}{Architecture}{section.3}% 8
\BOOKMARK [2][-]{subsection.3.3}{Training details}{section.3}% 9
\BOOKMARK [3][-]{subsubsection.3.3.1}{Layer dimensions}{subsection.3.3}% 10
\BOOKMARK [3][-]{subsubsection.3.3.2}{Datasets}{subsection.3.3}% 11
\BOOKMARK [3][-]{subsubsection.3.3.3}{Training}{subsection.3.3}% 12
\BOOKMARK [1][-]{section.4}{Experiments}{}% 13
\BOOKMARK [2][-]{subsection.4.1}{Evaluation metrics}{section.4}% 14
\BOOKMARK [2][-]{subsection.4.2}{Limitations}{section.4}% 15
\BOOKMARK [1][-]{section.5}{Conclusion and future work}{}% 16
\BOOKMARK [1][-]{section.6}{Submission of papers to NeurIPS 2021}{}% 17
\BOOKMARK [2][-]{subsection.6.1}{Style}{section.6}% 18
\BOOKMARK [2][-]{subsection.6.2}{Retrieval of style files}{section.6}% 19
\BOOKMARK [1][-]{section.7}{General formatting instructions}{}% 20
\BOOKMARK [1][-]{section.8}{Headings: first level}{}% 21
\BOOKMARK [2][-]{subsection.8.1}{Headings: second level}{section.8}% 22
\BOOKMARK [3][-]{subsubsection.8.1.1}{Headings: third level}{subsection.8.1}% 23
\BOOKMARK [1][-]{section.9}{Citations, figures, tables, references}{}% 24
\BOOKMARK [2][-]{subsection.9.1}{Citations within the text}{section.9}% 25
\BOOKMARK [2][-]{subsection.9.2}{Footnotes}{section.9}% 26
\BOOKMARK [2][-]{subsection.9.3}{Figures}{section.9}% 27
\BOOKMARK [2][-]{subsection.9.4}{Tables}{section.9}% 28
\BOOKMARK [1][-]{section.10}{Final instructions}{}% 29
\BOOKMARK [1][-]{section.11}{Preparing PDF files}{}% 30
\BOOKMARK [2][-]{subsection.11.1}{Margins in LaTeX}{section.11}% 31
\BOOKMARK [1][-]{appendix.A}{Appendix}{}% 32
